{"name":"Edit account Data","status":"broken","statusDetails":{"known":false,"muted":false,"flaky":false,"message":"selenium/pageObject/PageBase","trace":"java.lang.NoClassDefFoundError: selenium/pageObject/PageBase\r\n\tat java.lang.ClassLoader.defineClass1(Native Method)\r\n\tat java.lang.ClassLoader.defineClass(ClassLoader.java:763)\r\n\tat java.security.SecureClassLoader.defineClass(SecureClassLoader.java:142)\r\n\tat java.net.URLClassLoader.defineClass(URLClassLoader.java:468)\r\n\tat java.net.URLClassLoader.access$100(URLClassLoader.java:74)\r\n\tat java.net.URLClassLoader$1.run(URLClassLoader.java:369)\r\n\tat java.net.URLClassLoader$1.run(URLClassLoader.java:363)\r\n\tat java.security.AccessController.doPrivileged(Native Method)\r\n\tat java.net.URLClassLoader.findClass(URLClassLoader.java:362)\r\n\tat java.lang.ClassLoader.loadClass(ClassLoader.java:424)\r\n\tat sun.misc.Launcher$AppClassLoader.loadClass(Launcher.java:349)\r\n\tat java.lang.ClassLoader.loadClass(ClassLoader.java:357)\r\n\tat selenium.tests.positive.TestEditAccountData.testEditAccountData_aroundBody0(TestEditAccountData.java:23)\r\n\tat selenium.tests.positive.TestEditAccountData$AjcClosure1.run(TestEditAccountData.java:1)\r\n\tat org.aspectj.runtime.reflect.JoinPointImpl.proceed(JoinPointImpl.java:149)\r\n\tat io.qameta.allure.aspects.StepsAspects.step(StepsAspects.java:50)\r\n\tat selenium.tests.positive.TestEditAccountData.testEditAccountData(TestEditAccountData.java:22)\r\n\tat sun.reflect.NativeMethodAccessorImpl.invoke0(Native Method)\r\n\tat sun.reflect.NativeMethodAccessorImpl.invoke(NativeMethodAccessorImpl.java:62)\r\n\tat sun.reflect.DelegatingMethodAccessorImpl.invoke(DelegatingMethodAccessorImpl.java:43)\r\n\tat java.lang.reflect.Method.invoke(Method.java:498)\r\n\tat org.testng.internal.MethodInvocationHelper.invokeMethod(MethodInvocationHelper.java:124)\r\n\tat org.testng.internal.Invoker.invokeMethod(Invoker.java:583)\r\n\tat org.testng.internal.Invoker.invokeTestMethod(Invoker.java:719)\r\n\tat org.testng.internal.Invoker.invokeTestMethods(Invoker.java:989)\r\n\tat org.testng.internal.TestMethodWorker.invokeTestMethods(TestMethodWorker.java:125)\r\n\tat org.testng.internal.TestMethodWorker.run(TestMethodWorker.java:109)\r\n\tat org.testng.TestRunner.privateRun(TestRunner.java:648)\r\n\tat org.testng.TestRunner.run(TestRunner.java:505)\r\n\tat org.testng.SuiteRunner.runTest(SuiteRunner.java:455)\r\n\tat org.testng.SuiteRunner.runSequentially(SuiteRunner.java:450)\r\n\tat org.testng.SuiteRunner.privateRun(SuiteRunner.java:415)\r\n\tat org.testng.SuiteRunner.run(SuiteRunner.java:364)\r\n\tat org.testng.SuiteRunnerWorker.runSuite(SuiteRunnerWorker.java:52)\r\n\tat org.testng.SuiteRunnerWorker.run(SuiteRunnerWorker.java:84)\r\n\tat java.util.concurrent.ThreadPoolExecutor.runWorker(ThreadPoolExecutor.java:1149)\r\n\tat java.util.concurrent.ThreadPoolExecutor$Worker.run(ThreadPoolExecutor.java:624)\r\n\tat java.lang.Thread.run(Thread.java:748)\r\nCaused by: java.lang.ClassNotFoundException: selenium.pageObject.PageBase\r\n\tat java.net.URLClassLoader.findClass(URLClassLoader.java:382)\r\n\tat java.lang.ClassLoader.loadClass(ClassLoader.java:424)\r\n\tat sun.misc.Launcher$AppClassLoader.loadClass(Launcher.java:349)\r\n\tat java.lang.ClassLoader.loadClass(ClassLoader.java:357)\r\n\t... 38 more\r\n"},"stage":"finished","steps":[{"name":"Verify edit account Data.","status":"broken","statusDetails":{"known":false,"muted":false,"flaky":false,"message":"selenium/pageObject/PageBase","trace":"java.lang.NoClassDefFoundError: selenium/pageObject/PageBase\r\n\tat java.lang.ClassLoader.defineClass1(Native Method)\r\n\tat java.lang.ClassLoader.defineClass(ClassLoader.java:763)\r\n\tat java.security.SecureClassLoader.defineClass(SecureClassLoader.java:142)\r\n\tat java.net.URLClassLoader.defineClass(URLClassLoader.java:468)\r\n\tat java.net.URLClassLoader.access$100(URLClassLoader.java:74)\r\n\tat java.net.URLClassLoader$1.run(URLClassLoader.java:369)\r\n\tat java.net.URLClassLoader$1.run(URLClassLoader.java:363)\r\n\tat java.security.AccessController.doPrivileged(Native Method)\r\n\tat java.net.URLClassLoader.findClass(URLClassLoader.java:362)\r\n\tat java.lang.ClassLoader.loadClass(ClassLoader.java:424)\r\n\tat sun.misc.Launcher$AppClassLoader.loadClass(Launcher.java:349)\r\n\tat java.lang.ClassLoader.loadClass(ClassLoader.java:357)\r\n\tat selenium.tests.positive.TestEditAccountData.testEditAccountData_aroundBody0(TestEditAccountData.java:23)\r\n\tat selenium.tests.positive.TestEditAccountData$AjcClosure1.run(TestEditAccountData.java:1)\r\n\tat org.aspectj.runtime.reflect.JoinPointImpl.proceed(JoinPointImpl.java:149)\r\n\tat io.qameta.allure.aspects.StepsAspects.step(StepsAspects.java:50)\r\n\tat selenium.tests.positive.TestEditAccountData.testEditAccountData(TestEditAccountData.java:22)\r\n\tat sun.reflect.NativeMethodAccessorImpl.invoke0(Native Method)\r\n\tat sun.reflect.NativeMethodAccessorImpl.invoke(NativeMethodAccessorImpl.java:62)\r\n\tat sun.reflect.DelegatingMethodAccessorImpl.invoke(DelegatingMethodAccessorImpl.java:43)\r\n\tat java.lang.reflect.Method.invoke(Method.java:498)\r\n\tat org.testng.internal.MethodInvocationHelper.invokeMethod(MethodInvocationHelper.java:124)\r\n\tat org.testng.internal.Invoker.invokeMethod(Invoker.java:583)\r\n\tat org.testng.internal.Invoker.invokeTestMethod(Invoker.java:719)\r\n\tat org.testng.internal.Invoker.invokeTestMethods(Invoker.java:989)\r\n\tat org.testng.internal.TestMethodWorker.invokeTestMethods(TestMethodWorker.java:125)\r\n\tat org.testng.internal.TestMethodWorker.run(TestMethodWorker.java:109)\r\n\tat org.testng.TestRunner.privateRun(TestRunner.java:648)\r\n\tat org.testng.TestRunner.run(TestRunner.java:505)\r\n\tat org.testng.SuiteRunner.runTest(SuiteRunner.java:455)\r\n\tat org.testng.SuiteRunner.runSequentially(SuiteRunner.java:450)\r\n\tat org.testng.SuiteRunner.privateRun(SuiteRunner.java:415)\r\n\tat org.testng.SuiteRunner.run(SuiteRunner.java:364)\r\n\tat org.testng.SuiteRunnerWorker.runSuite(SuiteRunnerWorker.java:52)\r\n\tat org.testng.SuiteRunnerWorker.run(SuiteRunnerWorker.java:84)\r\n\tat java.util.concurrent.ThreadPoolExecutor.runWorker(ThreadPoolExecutor.java:1149)\r\n\tat java.util.concurrent.ThreadPoolExecutor$Worker.run(ThreadPoolExecutor.java:624)\r\n\tat java.lang.Thread.run(Thread.java:748)\r\nCaused by: java.lang.ClassNotFoundException: selenium.pageObject.PageBase\r\n\tat java.net.URLClassLoader.findClass(URLClassLoader.java:382)\r\n\tat java.lang.ClassLoader.loadClass(ClassLoader.java:424)\r\n\tat sun.misc.Launcher$AppClassLoader.loadClass(Launcher.java:349)\r\n\tat java.lang.ClassLoader.loadClass(ClassLoader.java:357)\r\n\t... 38 more\r\n"},"stage":"finished","steps":[],"attachments":[],"parameters":[{"name":"user","value":"User{sex=MR, firstName='Ser', secondName='Petrov', email='Ivvvvvvvvvvvvcvvvcvvcvvvcvvvvvvvvvvvvvvvvvvvvvv.Iv@mail.ru', password='password', month=JANUARY, day='28', year='1990', company='company1', address='address1', additionalAddress='additionalAddress1', city='city1', state=ALASKA, postalCod='56748', country=UNITED_STATES, additionalInformation='additionalInformation1', homePhone='8 (999) 66 66 67', mobilPhone='8 (999) 666 66 67', assignAnAddressAliasForFutureReference='assign1'}"}],"start":1545659015662,"stop":1545659015704}],"attachments":[{"name":"Page screenshot","source":"221dccff-91f2-40b2-9dec-0f4121993ad0-attachment","type":"image/jpg"}],"parameters":[{"name":"arg0","value":"User{sex=MR, firstName='Ser', secondName='Petrov', email='Ivvvvvvvvvvvvcvvvcvvcvvvcvvvvvvvvvvvvvvvvvvvvvv.Iv@mail.ru', password='password', month=JANUARY, day='28', year='1990', company='company1', address='address1', additionalAddress='additionalAddress1', city='city1', state=ALASKA, postalCod='56748', country=UNITED_STATES, additionalInformation='additionalInformation1', homePhone='8 (999) 66 66 67', mobilPhone='8 (999) 666 66 67', assignAnAddressAliasForFutureReference='assign1'}"}],"start":1545659015647,"stop":1545659016318,"uuid":"2a24f01e-99cd-4670-b44c-0ed68bb6b9cd","historyId":"2b3dbae49a5ebf2f6a1439e0bc4ae6f","fullName":"selenium.tests.positive.TestEditAccountData.testEditAccountData","labels":[{"name":"package","value":"selenium.tests.positive.TestEditAccountData"},{"name":"testClass","value":"selenium.tests.positive.TestEditAccountData"},{"name":"testMethod","value":"testEditAccountData"},{"name":"parentSuite","value":"Suite1 (1)"},{"name":"suite","value":"numbersXML"},{"name":"subSuite","value":"selenium.tests.positive.TestEditAccountData"},{"name":"host","value":"VLG-WS-S0005154"},{"name":"thread","value":"20420@VLG-WS-S0005154.TestNG-suites-3(17)"}],"links":[]}