{"name":"Edit Account Negative Test","status":"broken","statusDetails":{"known":false,"muted":false,"flaky":false,"message":"selenium/pageObject/PageBase","trace":"java.lang.NoClassDefFoundError: selenium/pageObject/PageBase\r\n\tat java.lang.ClassLoader.defineClass1(Native Method)\r\n\tat java.lang.ClassLoader.defineClass(ClassLoader.java:763)\r\n\tat java.security.SecureClassLoader.defineClass(SecureClassLoader.java:142)\r\n\tat java.net.URLClassLoader.defineClass(URLClassLoader.java:468)\r\n\tat java.net.URLClassLoader.access$100(URLClassLoader.java:74)\r\n\tat java.net.URLClassLoader$1.run(URLClassLoader.java:369)\r\n\tat java.net.URLClassLoader$1.run(URLClassLoader.java:363)\r\n\tat java.security.AccessController.doPrivileged(Native Method)\r\n\tat java.net.URLClassLoader.findClass(URLClassLoader.java:362)\r\n\tat java.lang.ClassLoader.loadClass(ClassLoader.java:424)\r\n\tat sun.misc.Launcher$AppClassLoader.loadClass(Launcher.java:349)\r\n\tat java.lang.ClassLoader.loadClass(ClassLoader.java:357)\r\n\tat selenium.tests.negativeAccountRegistration.TestInputNoValidDataRegistration.verifyNotValidData_aroundBody0(TestInputNoValidDataRegistration.java:46)\r\n\tat selenium.tests.negativeAccountRegistration.TestInputNoValidDataRegistration$AjcClosure1.run(TestInputNoValidDataRegistration.java:1)\r\n\tat org.aspectj.runtime.reflect.JoinPointImpl.proceed(JoinPointImpl.java:149)\r\n\tat io.qameta.allure.aspects.StepsAspects.step(StepsAspects.java:50)\r\n\tat selenium.tests.negativeAccountRegistration.TestInputNoValidDataRegistration.verifyNotValidData(TestInputNoValidDataRegistration.java:45)\r\n\tat sun.reflect.NativeMethodAccessorImpl.invoke0(Native Method)\r\n\tat sun.reflect.NativeMethodAccessorImpl.invoke(NativeMethodAccessorImpl.java:62)\r\n\tat sun.reflect.DelegatingMethodAccessorImpl.invoke(DelegatingMethodAccessorImpl.java:43)\r\n\tat java.lang.reflect.Method.invoke(Method.java:498)\r\n\tat org.testng.internal.MethodInvocationHelper.invokeMethod(MethodInvocationHelper.java:124)\r\n\tat org.testng.internal.Invoker.invokeMethod(Invoker.java:583)\r\n\tat org.testng.internal.Invoker.invokeTestMethod(Invoker.java:719)\r\n\tat org.testng.internal.Invoker.invokeTestMethods(Invoker.java:989)\r\n\tat org.testng.internal.TestMethodWorker.invokeTestMethods(TestMethodWorker.java:125)\r\n\tat org.testng.internal.TestMethodWorker.run(TestMethodWorker.java:109)\r\n\tat org.testng.TestRunner.privateRun(TestRunner.java:648)\r\n\tat org.testng.TestRunner.run(TestRunner.java:505)\r\n\tat org.testng.SuiteRunner.runTest(SuiteRunner.java:455)\r\n\tat org.testng.SuiteRunner.runSequentially(SuiteRunner.java:450)\r\n\tat org.testng.SuiteRunner.privateRun(SuiteRunner.java:415)\r\n\tat org.testng.SuiteRunner.run(SuiteRunner.java:364)\r\n\tat org.testng.SuiteRunnerWorker.runSuite(SuiteRunnerWorker.java:52)\r\n\tat org.testng.SuiteRunnerWorker.run(SuiteRunnerWorker.java:84)\r\n\tat java.util.concurrent.ThreadPoolExecutor.runWorker(ThreadPoolExecutor.java:1149)\r\n\tat java.util.concurrent.ThreadPoolExecutor$Worker.run(ThreadPoolExecutor.java:624)\r\n\tat java.lang.Thread.run(Thread.java:748)\r\nCaused by: java.lang.ClassNotFoundException: selenium.pageObject.PageBase\r\n\tat java.net.URLClassLoader.findClass(URLClassLoader.java:382)\r\n\tat java.lang.ClassLoader.loadClass(ClassLoader.java:424)\r\n\tat sun.misc.Launcher$AppClassLoader.loadClass(Launcher.java:349)\r\n\tat java.lang.ClassLoader.loadClass(ClassLoader.java:357)\r\n\t... 38 more\r\n"},"stage":"finished","steps":[{"name":"Update Account with invalid values and verify errors","status":"broken","statusDetails":{"known":false,"muted":false,"flaky":false,"message":"selenium/pageObject/PageBase","trace":"java.lang.NoClassDefFoundError: selenium/pageObject/PageBase\r\n\tat java.lang.ClassLoader.defineClass1(Native Method)\r\n\tat java.lang.ClassLoader.defineClass(ClassLoader.java:763)\r\n\tat java.security.SecureClassLoader.defineClass(SecureClassLoader.java:142)\r\n\tat java.net.URLClassLoader.defineClass(URLClassLoader.java:468)\r\n\tat java.net.URLClassLoader.access$100(URLClassLoader.java:74)\r\n\tat java.net.URLClassLoader$1.run(URLClassLoader.java:369)\r\n\tat java.net.URLClassLoader$1.run(URLClassLoader.java:363)\r\n\tat java.security.AccessController.doPrivileged(Native Method)\r\n\tat java.net.URLClassLoader.findClass(URLClassLoader.java:362)\r\n\tat java.lang.ClassLoader.loadClass(ClassLoader.java:424)\r\n\tat sun.misc.Launcher$AppClassLoader.loadClass(Launcher.java:349)\r\n\tat java.lang.ClassLoader.loadClass(ClassLoader.java:357)\r\n\tat selenium.tests.negativeAccountRegistration.TestInputNoValidDataRegistration.verifyNotValidData_aroundBody0(TestInputNoValidDataRegistration.java:46)\r\n\tat selenium.tests.negativeAccountRegistration.TestInputNoValidDataRegistration$AjcClosure1.run(TestInputNoValidDataRegistration.java:1)\r\n\tat org.aspectj.runtime.reflect.JoinPointImpl.proceed(JoinPointImpl.java:149)\r\n\tat io.qameta.allure.aspects.StepsAspects.step(StepsAspects.java:50)\r\n\tat selenium.tests.negativeAccountRegistration.TestInputNoValidDataRegistration.verifyNotValidData(TestInputNoValidDataRegistration.java:45)\r\n\tat sun.reflect.NativeMethodAccessorImpl.invoke0(Native Method)\r\n\tat sun.reflect.NativeMethodAccessorImpl.invoke(NativeMethodAccessorImpl.java:62)\r\n\tat sun.reflect.DelegatingMethodAccessorImpl.invoke(DelegatingMethodAccessorImpl.java:43)\r\n\tat java.lang.reflect.Method.invoke(Method.java:498)\r\n\tat org.testng.internal.MethodInvocationHelper.invokeMethod(MethodInvocationHelper.java:124)\r\n\tat org.testng.internal.Invoker.invokeMethod(Invoker.java:583)\r\n\tat org.testng.internal.Invoker.invokeTestMethod(Invoker.java:719)\r\n\tat org.testng.internal.Invoker.invokeTestMethods(Invoker.java:989)\r\n\tat org.testng.internal.TestMethodWorker.invokeTestMethods(TestMethodWorker.java:125)\r\n\tat org.testng.internal.TestMethodWorker.run(TestMethodWorker.java:109)\r\n\tat org.testng.TestRunner.privateRun(TestRunner.java:648)\r\n\tat org.testng.TestRunner.run(TestRunner.java:505)\r\n\tat org.testng.SuiteRunner.runTest(SuiteRunner.java:455)\r\n\tat org.testng.SuiteRunner.runSequentially(SuiteRunner.java:450)\r\n\tat org.testng.SuiteRunner.privateRun(SuiteRunner.java:415)\r\n\tat org.testng.SuiteRunner.run(SuiteRunner.java:364)\r\n\tat org.testng.SuiteRunnerWorker.runSuite(SuiteRunnerWorker.java:52)\r\n\tat org.testng.SuiteRunnerWorker.run(SuiteRunnerWorker.java:84)\r\n\tat java.util.concurrent.ThreadPoolExecutor.runWorker(ThreadPoolExecutor.java:1149)\r\n\tat java.util.concurrent.ThreadPoolExecutor$Worker.run(ThreadPoolExecutor.java:624)\r\n\tat java.lang.Thread.run(Thread.java:748)\r\nCaused by: java.lang.ClassNotFoundException: selenium.pageObject.PageBase\r\n\tat java.net.URLClassLoader.findClass(URLClassLoader.java:382)\r\n\tat java.lang.ClassLoader.loadClass(ClassLoader.java:424)\r\n\tat sun.misc.Launcher$AppClassLoader.loadClass(Launcher.java:349)\r\n\tat java.lang.ClassLoader.loadClass(ClassLoader.java:357)\r\n\t... 38 more\r\n"},"stage":"finished","steps":[],"attachments":[],"parameters":[{"name":"user","value":"User{sex=MR, firstName='', secondName='', email='Icvfvvddvvvvvvvvvvvcvvvcvvcvvvcvvvvvvvvvvvvvvvvvvvvvv.Iv@mail.ru', password='', month=JANUARY, day='28', year='1990', company='', address='', additionalAddress='', city='', state=NON, postalCod='', country=UNITED_STATES, additionalInformation='', homePhone='', mobilPhone='', assignAnAddressAliasForFutureReference=''}"}],"start":1545659015662,"stop":1545659015685}],"attachments":[{"name":"Page screenshot","source":"1b0334a2-5c81-4369-aa13-555d8db7d559-attachment","type":"image/jpg"}],"parameters":[{"name":"arg0","value":"User{sex=MR, firstName='', secondName='', email='Icvfvvddvvvvvvvvvvvcvvvcvvcvvvcvvvvvvvvvvvvvvvvvvvvvv.Iv@mail.ru', password='', month=JANUARY, day='28', year='1990', company='', address='', additionalAddress='', city='', state=NON, postalCod='', country=UNITED_STATES, additionalInformation='', homePhone='', mobilPhone='', assignAnAddressAliasForFutureReference=''}"}],"start":1545659015647,"stop":1545659016093,"uuid":"3644bb35-42d4-4b86-85a0-16fda9c85598","historyId":"127dd1efd589e45b6211db0e8bb88a8","fullName":"selenium.tests.negativeAccountRegistration.TestInputNoValidDataRegistration.verifyNotValidData","labels":[{"name":"package","value":"selenium.tests.negativeAccountRegistration.TestInputNoValidDataRegistration"},{"name":"testClass","value":"selenium.tests.negativeAccountRegistration.TestInputNoValidDataRegistration"},{"name":"testMethod","value":"verifyNotValidData"},{"name":"parentSuite","value":"Suite1"},{"name":"suite","value":"numbersXML"},{"name":"subSuite","value":"selenium.tests.negativeAccountRegistration.TestInputNoValidDataRegistration"},{"name":"host","value":"VLG-WS-S0005154"},{"name":"thread","value":"20420@VLG-WS-S0005154.TestNG-suites-1(15)"}],"links":[]}